
> osiris-reporting-server@1.0.0 type-check
> tsc --noEmit

src/controllers/agent.controller.ts(1,10): error TS6133: 'Request' is declared but its value is never read.
src/controllers/agent.controller.ts(43,21): error TS18048: 'countResult' is possibly 'undefined'.
src/controllers/agent.controller.ts(244,11): error TS18048: 'reportCount' is possibly 'undefined'.
src/controllers/agent.controller.ts(247,24): error TS18048: 'reportCount' is possibly 'undefined'.
src/controllers/email.controller.ts(1,10): error TS6133: 'Request' is declared but its value is never read.
src/controllers/email.controller.ts(241,24): error TS18048: 'agentData' is possibly 'undefined'.
src/controllers/email.controller.ts(242,20): error TS18048: 'agentData' is possibly 'undefined'.
src/controllers/email.controller.ts(364,21): error TS18048: 'countResult' is possibly 'undefined'.
src/controllers/report.controller.ts(1,10): error TS6133: 'Request' is declared but its value is never read.
src/controllers/report.controller.ts(101,21): error TS18048: 'countResult' is possibly 'undefined'.
src/controllers/report.controller.ts(143,26): error TS18048: 'summary' is possibly 'undefined'.
src/controllers/report.controller.ts(150,22): error TS18048: 'summary' is possibly 'undefined'.
src/controllers/report.controller.ts(151,27): error TS18048: 'summary' is possibly 'undefined'.
src/controllers/report.controller.ts(152,26): error TS18048: 'summary' is possibly 'undefined'.
src/controllers/report.controller.ts(153,24): error TS18048: 'summary' is possibly 'undefined'.
src/controllers/report.controller.ts(155,28): error TS18048: 'summary' is possibly 'undefined'.
src/controllers/report.controller.ts(229,13): error TS6133: 'username' is declared but its value is never read.
src/controllers/report.controller.ts(257,35): error TS6133: 'req' is declared but its value is never read.
src/controllers/upload.controller.ts(1,10): error TS6133: 'Request' is declared but its value is never read.
src/controllers/upload.controller.ts(57,11): error TS18048: 'duplicateCount' is possibly 'undefined'.
src/controllers/upload.controller.ts(290,17): error TS18048: 'duplicateCount' is possibly 'undefined'.
src/controllers/upload.controller.ts(291,16): error TS18048: 'duplicateCount' is possibly 'undefined'.
src/database/database.ts(3,1): error TS6133: 'SqliteDatabase' is declared but its value is never read.
src/index.ts(47,25): error TS6133: 'req' is declared but its value is never read.
src/index.ts(52,22): error TS6133: 'req' is declared but its value is never read.
src/index.ts(52,67): error TS6133: 'next' is declared but its value is never read.
src/middleware/upload.middleware.ts(14,17): error TS6133: 'req' is declared but its value is never read.
src/middleware/upload.middleware.ts(14,22): error TS6133: 'file' is declared but its value is never read.
src/middleware/upload.middleware.ts(17,14): error TS6133: 'req' is declared but its value is never read.
src/middleware/upload.middleware.ts(25,21): error TS6133: 'req' is declared but its value is never read.
src/routes/agent.routes.ts(61,10): error TS6133: 'req' is declared but its value is never read.
src/routes/auth.routes.ts(12,23): error TS7030: Not all code paths return a value.
src/routes/auth.routes.ts(40,39): error TS6133: 'req' is declared but its value is never read.
src/routes/auth.routes.ts(53,48): error TS6133: 'req' is declared but its value is never read.
src/routes/backup.routes.ts(12,10): error TS6133: 'req' is declared but its value is never read.
src/routes/backup.routes.ts(42,10): error TS6133: 'req' is declared but its value is never read.
src/routes/backup.routes.ts(105,10): error TS6133: 'req' is declared but its value is never read.
src/routes/backup.routes.ts(215,10): error TS6133: 'req' is declared but its value is never read.
src/routes/email.routes.ts(47,10): error TS6133: 'req' is declared but its value is never read.
src/services/excel/ExcelParserService.ts(4,1): error TS6133: 'db' is declared but its value is never read.
src/services/excel/ExcelParserService.ts(115,7): error TS18048: 'worksheet' is possibly 'undefined'.
src/services/excel/ExcelParserService.ts(165,7): error TS18048: 'worksheet' is possibly 'undefined'.
src/services/excel/ExcelParserService.ts(165,56): error TS6133: 'rowNumber' is declared but its value is never read.
